<?xml version="1.0" encoding="UTF-8"?>
<!-- Generated by org.testng.reporters.JUnitReportReporter -->
<testsuite skipped="0" hostname="LAPTOP-J3FRUKGM" name="test.Toggle_All_CheckBox_Test1" tests="1" failures="0" timestamp="2022-05-18T15:07:43 CDT" time="6.392" errors="0">
  <testcase name="validate_Toggle_All_CheckBox" time="6.392" classname="test.Toggle_All_CheckBox_Test1"/>
  <system-out/>
</testsuite> <!-- test.Toggle_All_CheckBox_Test1 -->
