<?xml version="1.0" encoding="UTF-8"?>
<!-- Generated by org.testng.reporters.JUnitReportReporter -->
<testsuite skipped="0" hostname="LAPTOP-J3FRUKGM" name="test.Remove_All_Item_Test3" tests="1" failures="0" timestamp="2022-04-05T15:46:44 CDT" time="3.407" errors="0">
  <testcase name="validateAllItemsBeenRemoved" time="3.407" classname="test.Remove_All_Item_Test3"/>
  <system-out/>
</testsuite> <!-- test.Remove_All_Item_Test3 -->
