<?xml version="1.0" encoding="UTF-8"?>
<!-- Generated by org.testng.reporters.JUnitReportReporter -->
<testsuite skipped="0" hostname="LAPTOP-J3FRUKGM" name="test.Remove_Single_Item_Test" tests="1" failures="0" timestamp="2022-04-03T16:59:44 CDT" time="5.670" errors="0">
  <testcase name="validateRemoveSingleItem" time="5.670" classname="test.Remove_Single_Item_Test"/>
  <system-out/>
</testsuite> <!-- test.Remove_Single_Item_Test -->
