<?xml version="1.0" encoding="UTF-8"?>
<!-- Generated by org.testng.reporters.JUnitReportReporter -->
<testsuite skipped="0" hostname="LAPTOP-J3FRUKGM" name="test.Remove_Single_Item_Test2" tests="1" failures="0" timestamp="2022-05-18T15:08:12 CDT" time="11.300" errors="0">
  <testcase name="validateRemoveSingleItem" time="11.300" classname="test.Remove_Single_Item_Test2"/>
  <system-out/>
</testsuite> <!-- test.Remove_Single_Item_Test2 -->
