<?xml version="1.0" encoding="UTF-8"?>
<!-- Generated by org.testng.reporters.JUnitReportReporter -->
<testsuite skipped="0" hostname="LAPTOP-J3FRUKGM" name="test.Remove_Single_Item_Test2" tests="1" failures="0" timestamp="2022-04-05T18:23:41 CDT" time="19.459" errors="0">
  <testcase name="validateRemoveSingleItem" time="19.459" classname="test.Remove_Single_Item_Test2"/>
  <system-out/>
</testsuite> <!-- test.Remove_Single_Item_Test2 -->
