<?xml version="1.0" encoding="UTF-8"?>
<!-- Generated by org.testng.reporters.JUnitReportReporter -->
<testsuite skipped="0" hostname="LAPTOP-J3FRUKGM" name="test.Toggle_All_CheckBox_Test" tests="1" failures="0" timestamp="2022-04-03T16:59:26 CDT" time="10.024" errors="0">
  <testcase name="validate_Toggle_All_CheckBox" time="10.024" classname="test.Toggle_All_CheckBox_Test"/>
  <system-out/>
</testsuite> <!-- test.Toggle_All_CheckBox_Test -->
