<?xml version="1.0" encoding="UTF-8"?>
<!-- Generated by org.testng.reporters.JUnitReportReporter -->
<testsuite skipped="0" hostname="LAPTOP-J3FRUKGM" name="test.Remove_All_Item_Test" tests="1" failures="0" timestamp="2022-04-03T17:01:11 CDT" time="4.596" errors="0">
  <testcase name="validateAllItemsBeenRemoved" time="4.596" classname="test.Remove_All_Item_Test"/>
  <system-out/>
</testsuite> <!-- test.Remove_All_Item_Test -->
